Steps to get coverage report:
1. Open terminal, go to the test directory (cd test/)
2. Execute the following command:
    coverage run -a --source PIM.src.model test_Contact.py
    coverage run -a --source PIM.src.model test_Event.py
    coverage run -a --source PIM.src.model test_PIM.py
    coverage run -a --source PIM.src.model test_PIMCreation.py
    coverage run -a --source PIM.src.model test_PlainText.py
    coverage run -a --source PIM.src.model test_SystemManager.py
    coverage run -a --source PIM.src.model test_Task.py
    coverage run -a --source PIM.src.model test_UserManager.py
    coverage run -a --source PIM.src.model test_UserProfile.py
    coverage report # generate coverage report on terminal
    coverage html # generate html coverage report



                    **** Coverage Report For PIM Model ****


Name                                                                            Stmts   Miss  Cover
---------------------------------------------------------------------------------------------------
/Users/zhangwenxuan/Desktop/COMP3211_PIM_1123/PIM/src/model/__init__.py             5      0   100%
/Users/zhangwenxuan/Desktop/COMP3211_PIM_1123/PIM/src/model/contact.py             38      0   100%
/Users/zhangwenxuan/Desktop/COMP3211_PIM_1123/PIM/src/model/event.py               50      2    96%
/Users/zhangwenxuan/Desktop/COMP3211_PIM_1123/PIM/src/model/pim.py                 68     17    75%
/Users/zhangwenxuan/Desktop/COMP3211_PIM_1123/PIM/src/model/plain_text.py          36      0   100%
/Users/zhangwenxuan/Desktop/COMP3211_PIM_1123/PIM/src/model/system_manager.py      29      2    93%
/Users/zhangwenxuan/Desktop/COMP3211_PIM_1123/PIM/src/model/task.py                50      3    94%
/Users/zhangwenxuan/Desktop/COMP3211_PIM_1123/PIM/src/model/user_manager.py        69      6    91%
/Users/zhangwenxuan/Desktop/COMP3211_PIM_1123/PIM/src/model/user_profile.py        18      0   100%
---------------------------------------------------------------------------------------------------
TOTAL                                                                             363     30    92%
